urllib3.connectionpool - DEBUG - Starting new HTTPS connection (1): api.openweathermap.org:443
urllib3.connectionpool - DEBUG - https://api.openweathermap.org:443 "GET /data/3.0/onecall/timemachine?lat=6.2518&lon=-75.5636&dt=1714117537&appid=29400f483282572ff46891992cc1d3aa&units=metric HTTP/1.1" 200 399
root - ERROR - No weather data available for Antioquia, Colombia on 2024-04-26T07:45:37
urllib3.connectionpool - DEBUG - Starting new HTTPS connection (1): api.openweathermap.org:443
urllib3.connectionpool - DEBUG - https://api.openweathermap.org:443 "GET /data/3.0/onecall/timemachine?lat=6.2518&lon=-75.5636&dt=1714031137&appid=29400f483282572ff46891992cc1d3aa&units=metric HTTP/1.1" 200 396
root - ERROR - No weather data available for Antioquia, Colombia on 2024-04-25T07:45:37
urllib3.connectionpool - DEBUG - Starting new HTTPS connection (1): api.openweathermap.org:443
urllib3.connectionpool - DEBUG - https://api.openweathermap.org:443 "GET /data/3.0/onecall/timemachine?lat=6.2518&lon=-75.5636&dt=1713944738&appid=29400f483282572ff46891992cc1d3aa&units=metric HTTP/1.1" 200 414
root - ERROR - No weather data available for Antioquia, Colombia on 2024-04-24T07:45:38
urllib3.connectionpool - DEBUG - Starting new HTTPS connection (1): api.openweathermap.org:443
urllib3.connectionpool - DEBUG - https://api.openweathermap.org:443 "GET /data/3.0/onecall/timemachine?lat=6.2518&lon=-75.5636&dt=1713858338&appid=29400f483282572ff46891992cc1d3aa&units=metric HTTP/1.1" 200 397
root - ERROR - No weather data available for Antioquia, Colombia on 2024-04-23T07:45:38
urllib3.connectionpool - DEBUG - Starting new HTTPS connection (1): api.openweathermap.org:443
urllib3.connectionpool - DEBUG - https://api.openweathermap.org:443 "GET /data/3.0/onecall/timemachine?lat=6.2518&lon=-75.5636&dt=1713771938&appid=29400f483282572ff46891992cc1d3aa&units=metric HTTP/1.1" 200 407
root - ERROR - No weather data available for Antioquia, Colombia on 2024-04-22T07:45:38
urllib3.connectionpool - DEBUG - Starting new HTTPS connection (1): api.openweathermap.org:443
urllib3.connectionpool - DEBUG - https://api.openweathermap.org:443 "GET /data/3.0/onecall/timemachine?lat=-0.5897&lon=101.3431&dt=1714117538&appid=29400f483282572ff46891992cc1d3aa&units=metric HTTP/1.1" 200 401
root - ERROR - No weather data available for Sumatra, Indonesia on 2024-04-26T07:45:38
urllib3.connectionpool - DEBUG - Starting new HTTPS connection (1): api.openweathermap.org:443
urllib3.connectionpool - DEBUG - https://api.openweathermap.org:443 "GET /data/3.0/onecall/timemachine?lat=-0.5897&lon=101.3431&dt=1714031139&appid=29400f483282572ff46891992cc1d3aa&units=metric HTTP/1.1" 200 416
root - ERROR - No weather data available for Sumatra, Indonesia on 2024-04-25T07:45:39
urllib3.connectionpool - DEBUG - Starting new HTTPS connection (1): api.openweathermap.org:443
urllib3.connectionpool - DEBUG - https://api.openweathermap.org:443 "GET /data/3.0/onecall/timemachine?lat=-0.5897&lon=101.3431&dt=1713944739&appid=29400f483282572ff46891992cc1d3aa&units=metric HTTP/1.1" 200 404
root - ERROR - No weather data available for Sumatra, Indonesia on 2024-04-24T07:45:39
urllib3.connectionpool - DEBUG - Starting new HTTPS connection (1): api.openweathermap.org:443
urllib3.connectionpool - DEBUG - https://api.openweathermap.org:443 "GET /data/3.0/onecall/timemachine?lat=-0.5897&lon=101.3431&dt=1713858339&appid=29400f483282572ff46891992cc1d3aa&units=metric HTTP/1.1" 200 403
root - ERROR - No weather data available for Sumatra, Indonesia on 2024-04-23T07:45:39
urllib3.connectionpool - DEBUG - Starting new HTTPS connection (1): api.openweathermap.org:443
urllib3.connectionpool - DEBUG - https://api.openweathermap.org:443 "GET /data/3.0/onecall/timemachine?lat=-0.5897&lon=101.3431&dt=1713771939&appid=29400f483282572ff46891992cc1d3aa&units=metric HTTP/1.1" 200 401
root - ERROR - No weather data available for Sumatra, Indonesia on 2024-04-22T07:45:39
root - INFO - Weather data fetching and posting completed.
